[2023-06-07 10:19:43,634: INFO: main: Welcome to my custom log]
[2023-06-12 21:34:59,140: INFO: common: yaml file: config\config.yaml loaded successfully]
[2023-06-12 21:34:59,160: INFO: common: yaml file: params.yaml loaded successfully]
[2023-06-12 21:34:59,163: INFO: common: created directory at: artifacts]
[2023-06-12 21:34:59,166: INFO: common: created directory at: artifacts/data_ingestion]
[2023-06-12 21:35:07,088: INFO: 4037744573: artifacts/data_ingestion/data.zip download! with following info: 
Connection: close
Content-Length: 11616915
Cache-Control: max-age=300
Content-Security-Policy: default-src 'none'; style-src 'unsafe-inline'; sandbox
Content-Type: application/zip
ETag: "adf745abc03891fe493c3be264ec012691fe3fa21d861f35a27edbe6d86a76b1"
Strict-Transport-Security: max-age=31536000
X-Content-Type-Options: nosniff
X-Frame-Options: deny
X-XSS-Protection: 1; mode=block
X-GitHub-Request-Id: AE04:4F8E:136AF4F:1718B9C:6487F1F3
Accept-Ranges: bytes
Date: Tue, 13 Jun 2023 04:35:01 GMT
Via: 1.1 varnish
X-Served-By: cache-fjr990025-FJR
X-Cache: MISS
X-Cache-Hits: 0
X-Timer: S1686630899.293175,VS0,VE1876
Vary: Authorization,Accept-Encoding,Origin
Access-Control-Allow-Origin: *
Cross-Origin-Resource-Policy: cross-origin
X-Fastly-Request-ID: abfdffdb3082cfecf876e1683618faf826221a8c
Expires: Tue, 13 Jun 2023 04:40:01 GMT
Source-Age: 1

]
[2023-06-16 22:57:27,344: INFO: main: >>>>>> stage Data ingestion stage started <<<<<<<]
[2023-06-16 22:57:27,357: INFO: common: yaml file: config\config.yaml loaded successfully]
[2023-06-16 22:57:27,366: INFO: common: yaml file: params.yaml loaded successfully]
[2023-06-16 22:57:27,371: INFO: common: created directory at: artifacts]
[2023-06-16 22:57:27,372: INFO: common: created directory at: artifacts/data_ingestion]
[2023-06-16 22:57:34,500: INFO: data_ingestion: artifacts/data_ingestion/data.zip download! with following info: 
Connection: close
Content-Length: 11616915
Cache-Control: max-age=300
Content-Security-Policy: default-src 'none'; style-src 'unsafe-inline'; sandbox
Content-Type: application/zip
ETag: "adf745abc03891fe493c3be264ec012691fe3fa21d861f35a27edbe6d86a76b1"
Strict-Transport-Security: max-age=31536000
X-Content-Type-Options: nosniff
X-Frame-Options: deny
X-XSS-Protection: 1; mode=block
X-GitHub-Request-Id: 6AEA:8568:554E4F:63F29B:648D4B48
Accept-Ranges: bytes
Date: Sat, 17 Jun 2023 05:57:28 GMT
Via: 1.1 varnish
X-Served-By: cache-fjr990027-FJR
X-Cache: MISS
X-Cache-Hits: 0
X-Timer: S1686981448.940945,VS0,VE964
Vary: Authorization,Accept-Encoding,Origin
Access-Control-Allow-Origin: *
Cross-Origin-Resource-Policy: cross-origin
X-Fastly-Request-ID: 0478cf61a7ea0c474b12a03454af50746ff04d4c
Expires: Sat, 17 Jun 2023 06:02:28 GMT
Source-Age: 1

]
[2023-06-16 22:57:34,947: INFO: main: >>>>>> stage Data ingestion stage completed <<<<<<

x======x]
[2023-06-17 06:37:07,318: INFO: common: yaml file: config\config.yaml loaded successfully]
[2023-06-17 06:37:07,367: INFO: common: yaml file: params.yaml loaded successfully]
[2023-06-17 06:37:07,391: INFO: common: created directory at: artifacts]
[2023-06-17 06:37:07,399: INFO: common: created directory at: artifacts/prepare_base_model]
[2023-06-17 08:48:13,857: INFO: common: yaml file: config\config.yaml loaded successfully]
[2023-06-17 08:48:13,890: INFO: common: yaml file: params.yaml loaded successfully]
[2023-06-17 08:48:13,897: INFO: common: created directory at: artifacts]
[2023-06-17 08:48:13,901: INFO: common: created directory at: artifacts/prepare_base_model]
[2023-06-25 07:42:28,770: INFO: common: yaml file: config\config.yaml loaded successfully]
[2023-06-25 07:42:28,811: INFO: common: yaml file: params.yaml loaded successfully]
[2023-06-25 07:42:28,814: INFO: common: created directory at: artifacts]
[2023-06-25 07:42:28,816: INFO: common: created directory at: artifacts/prepare_base_model]
[2023-06-25 12:59:59,222: INFO: common: yaml file: config\config.yaml loaded successfully]
[2023-06-25 12:59:59,235: INFO: common: yaml file: params.yaml loaded successfully]
[2023-06-25 12:59:59,240: INFO: common: created directory at: artifacts]
[2023-06-25 12:59:59,242: INFO: common: created directory at: artifacts/prepare_base_model]
[2023-06-25 13:13:57,906: INFO: common: yaml file: config\config.yaml loaded successfully]
[2023-06-25 13:13:57,952: INFO: common: yaml file: params.yaml loaded successfully]
[2023-06-25 13:13:57,958: INFO: common: created directory at: artifacts]
[2023-06-25 13:13:57,961: INFO: common: created directory at: artifacts/prepare_base_model]
[2023-06-25 13:15:02,422: WARNING: saving_utils: Compiled the loaded model, but the compiled metrics have yet to be built. `model.compile_metrics` will be empty until you train or evaluate the model.]
[2023-06-25 13:44:44,455: INFO: main: >>>>>> stage Data ingestion stage started <<<<<<<]
[2023-06-25 13:44:44,460: INFO: common: yaml file: config\config.yaml loaded successfully]
[2023-06-25 13:44:44,467: INFO: common: yaml file: params.yaml loaded successfully]
[2023-06-25 13:44:44,472: INFO: common: created directory at: artifacts]
[2023-06-25 13:44:44,473: INFO: common: created directory at: artifacts/data_ingestion]
[2023-06-25 13:44:55,968: INFO: data_ingestion: artifacts/data_ingestion/data.zip download! with following info: 
Connection: close
Content-Length: 11616915
Cache-Control: max-age=300
Content-Security-Policy: default-src 'none'; style-src 'unsafe-inline'; sandbox
Content-Type: application/zip
ETag: "adf745abc03891fe493c3be264ec012691fe3fa21d861f35a27edbe6d86a76b1"
Strict-Transport-Security: max-age=31536000
X-Content-Type-Options: nosniff
X-Frame-Options: deny
X-XSS-Protection: 1; mode=block
X-GitHub-Request-Id: D3CE:4340:B693B1:DCC5C4:6498A73C
Accept-Ranges: bytes
Date: Sun, 25 Jun 2023 20:44:46 GMT
Via: 1.1 varnish
X-Served-By: cache-fjr990027-FJR
X-Cache: MISS
X-Cache-Hits: 0
X-Timer: S1687725885.519616,VS0,VE1736
Vary: Authorization,Accept-Encoding,Origin
Access-Control-Allow-Origin: *
Cross-Origin-Resource-Policy: cross-origin
X-Fastly-Request-ID: 4966b5523ed6a85895a0877f269387b7f61fbcc4
Expires: Sun, 25 Jun 2023 20:49:46 GMT
Source-Age: 1

]
[2023-06-25 13:44:56,460: INFO: main: >>>>>> stage Data ingestion stage completed <<<<<<

x======x]
[2023-06-25 13:44:56,462: INFO: main: *******************]
[2023-06-25 13:44:56,463: INFO: main: >>>>>> stage Prepare base model started <<<<<<]
[2023-06-25 13:44:56,472: INFO: common: yaml file: config\config.yaml loaded successfully]
[2023-06-25 13:44:56,477: INFO: common: yaml file: params.yaml loaded successfully]
[2023-06-25 13:44:56,481: INFO: common: created directory at: artifacts]
[2023-06-25 13:44:56,482: INFO: common: created directory at: artifacts/prepare_base_model]
[2023-06-25 13:44:58,364: WARNING: saving_utils: Compiled the loaded model, but the compiled metrics have yet to be built. `model.compile_metrics` will be empty until you train or evaluate the model.]
[2023-06-25 13:44:59,527: INFO: main: >>>>>> stage Prepare base model completed <<<<<<

x==========x]
[2023-06-25 23:01:14,649: INFO: common: yaml file: config\config.yaml loaded successfully]
[2023-06-25 23:01:14,769: INFO: common: yaml file: params.yaml loaded successfully]
[2023-06-25 23:01:14,783: INFO: common: created directory at: artifacts]
[2023-06-25 23:02:28,701: INFO: common: yaml file: config\config.yaml loaded successfully]
[2023-06-25 23:02:28,710: INFO: common: yaml file: params.yaml loaded successfully]
[2023-06-25 23:02:28,713: INFO: common: created directory at: artifacts]
[2023-06-25 23:02:28,720: INFO: common: created directory at: artifacts\prepare_callbacks\checkpoint_dir]
[2023-06-25 23:02:28,724: INFO: common: created directory at: artifacts\prepare_callbacks\tensorboard_log_dir]
[2023-06-26 19:21:52,947: INFO: main: >>>>>> stage Data ingestion stage started <<<<<<<]
[2023-06-26 19:21:52,959: INFO: common: yaml file: config\config.yaml loaded successfully]
[2023-06-26 19:21:52,966: INFO: common: yaml file: params.yaml loaded successfully]
[2023-06-26 19:21:52,969: INFO: common: created directory at: artifacts]
[2023-06-26 19:21:52,970: INFO: common: created directory at: artifacts/data_ingestion]
[2023-06-26 19:22:01,186: INFO: data_ingestion: artifacts/data_ingestion/data.zip download! with following info: 
Connection: close
Content-Length: 11616915
Cache-Control: max-age=300
Content-Security-Policy: default-src 'none'; style-src 'unsafe-inline'; sandbox
Content-Type: application/zip
ETag: "adf745abc03891fe493c3be264ec012691fe3fa21d861f35a27edbe6d86a76b1"
Strict-Transport-Security: max-age=31536000
X-Content-Type-Options: nosniff
X-Frame-Options: deny
X-XSS-Protection: 1; mode=block
X-GitHub-Request-Id: 4E92:3AAE:29E745:3EABFC:649A47BF
Accept-Ranges: bytes
Date: Tue, 27 Jun 2023 02:21:52 GMT
Via: 1.1 varnish
X-Served-By: cache-fjr990024-FJR
X-Cache: MISS
X-Cache-Hits: 0
X-Timer: S1687832512.043591,VS0,VE903
Vary: Authorization,Accept-Encoding,Origin
Access-Control-Allow-Origin: *
Cross-Origin-Resource-Policy: cross-origin
X-Fastly-Request-ID: 00925bd610ffa3cb8c0eca916673bb7c32fd7f39
Expires: Tue, 27 Jun 2023 02:26:52 GMT
Source-Age: 1

]
[2023-06-26 19:22:02,101: INFO: main: >>>>>> stage Data ingestion stage completed <<<<<<

x======x]
[2023-06-26 19:22:02,103: INFO: main: *******************]
[2023-06-26 19:22:02,104: INFO: main: >>>>>> stage Prepare base model started <<<<<<]
[2023-06-26 19:22:02,151: INFO: common: yaml file: config\config.yaml loaded successfully]
[2023-06-26 19:22:02,172: INFO: common: yaml file: params.yaml loaded successfully]
[2023-06-26 19:22:02,188: INFO: common: created directory at: artifacts]
[2023-06-26 19:22:02,219: INFO: common: created directory at: artifacts/prepare_base_model]
[2023-06-26 19:22:03,818: WARNING: saving_utils: Compiled the loaded model, but the compiled metrics have yet to be built. `model.compile_metrics` will be empty until you train or evaluate the model.]
[2023-06-26 19:22:04,908: INFO: main: >>>>>> stage Prepare base model completed <<<<<<

x==========x]
[2023-06-26 19:22:04,909: INFO: main: *******************]
[2023-06-26 19:22:04,910: INFO: main: >>>>>> stage Training started <<<<<<]
[2023-06-26 19:22:04,930: INFO: common: yaml file: config\config.yaml loaded successfully]
[2023-06-26 19:22:04,942: INFO: common: yaml file: params.yaml loaded successfully]
[2023-06-26 19:22:04,944: INFO: common: created directory at: artifacts]
[2023-06-26 19:22:04,951: INFO: common: created directory at: artifacts\prepare_callbacks\checkpoint_dir]
[2023-06-26 19:22:04,955: INFO: common: created directory at: artifacts\prepare_callbacks\tensorboard_log_dir]
[2023-06-26 19:22:04,958: INFO: common: created directory at: artifacts\training]
[2023-06-26 19:27:23,989: INFO: main: >>>>>> stage Training completed <<<<<<

x==========x]
